<?xml version="1.0" encoding="UTF-8"?>
<!-- Generated by org.testng.reporters.JUnitReportReporter -->
<testsuite skipped="0" hostname="CE-515" name="com.test.WindowsLoginTest" tests="1" failures="0" timestamp="15 May 2019 12:16:41 GMT" time="5.380" errors="0">
  <testcase name="login" time="5.380" classname="com.test.WindowsLoginTest"/>
</testsuite> <!-- com.test.WindowsLoginTest -->
